2019-03-03 14:11:05 - Starting E:\01_SOFT\node-v10.15.2-win-x64\node.exe  --harmony E:\MyProjects\Github\byme\nodetest\node_modules\node-windows\lib\wrapper.js --file E:\MyProjects\Github\byme\nodetest\server.js --log "WebSite wrapper" --grow 0.25 --wait 1 --maxrestarts 3 --abortonerror n --stopparentfirst undefined
2019-03-03 14:11:05 - Started 2484
2019-03-03 14:13:47 - Stopping website.exe
2019-03-03 14:13:47 - ProcessKill 2484
2019-03-03 14:13:47 - Found child process: 4224 Name: node.exe
2019-03-03 14:13:47 - Stopping process 4224
2019-03-03 14:13:47 - Send SIGINT 4224
2019-03-03 14:13:47 - SIGINT to 4224 failed - Killing as fallback
2019-03-03 14:13:47 - Stopping process 2484
2019-03-03 14:13:47 - Send SIGINT 2484
2019-03-03 14:13:47 - SIGINT to2484 successful
2019-03-03 14:13:47 - Finished website.exe
2019-03-03 14:13:58 - Starting E:\01_SOFT\node-v10.15.2-win-x64\node.exe  --harmony E:\MyProjects\Github\byme\nodetest\node_modules\node-windows\lib\wrapper.js --file E:\MyProjects\Github\byme\nodetest\server.js --log "WebSite wrapper" --grow 0.25 --wait 1 --maxrestarts 3 --abortonerror n --stopparentfirst undefined
2019-03-03 14:13:58 - Started 9144
2019-03-03 14:14:08 - Stopping website.exe
2019-03-03 14:14:08 - ProcessKill 9144
2019-03-03 14:14:08 - Found child process: 2436 Name: node.exe
2019-03-03 14:14:08 - Stopping process 2436
2019-03-03 14:14:08 - Send SIGINT 2436
2019-03-03 14:14:08 - SIGINT to 2436 failed - Killing as fallback
2019-03-03 14:14:08 - Stopping process 9144
2019-03-03 14:14:08 - Send SIGINT 9144
2019-03-03 14:14:08 - SIGINT to9144 successful
2019-03-03 14:14:08 - Finished website.exe
2019-03-06 19:43:06 - Starting E:\01_SOFT\node-v10.15.2-win-x64\node.exe  --harmony E:\MyProjects\Github\byme\nodetest\node_modules\node-windows\lib\wrapper.js --file E:\MyProjects\Github\byme\nodetest\server.js --log "WebSite wrapper" --grow 0.25 --wait 1 --maxrestarts 3 --abortonerror n --stopparentfirst undefined
2019-03-06 19:43:06 - Started 4944
2019-03-07 22:14:37 - Starting E:\01_SOFT\node-v10.15.2-win-x64\node.exe  --harmony E:\MyProjects\Github\byme\nodetest\node_modules\node-windows\lib\wrapper.js --file E:\MyProjects\Github\byme\nodetest\server.js --log "WebSite wrapper" --grow 0.25 --wait 1 --maxrestarts 3 --abortonerror n --stopparentfirst undefined
2019-03-07 22:14:37 - Started 5164
2019-03-07 23:21:51 - Starting E:\01_SOFT\node-v10.15.2-win-x64\node.exe  --harmony E:\MyProjects\Github\byme\nodetest\node_modules\node-windows\lib\wrapper.js --file E:\MyProjects\Github\byme\nodetest\server.js --log "WebSite wrapper" --grow 0.25 --wait 1 --maxrestarts 3 --abortonerror n --stopparentfirst undefined
2019-03-07 23:21:51 - Started 2188
2019-03-08 22:29:55 - Starting E:\01_SOFT\node-v10.15.2-win-x64\node.exe  --harmony E:\MyProjects\Github\byme\nodetest\node_modules\node-windows\lib\wrapper.js --file E:\MyProjects\Github\byme\nodetest\server.js --log "WebSite wrapper" --grow 0.25 --wait 1 --maxrestarts 3 --abortonerror n --stopparentfirst undefined
2019-03-08 22:29:55 - Started 3088
2019-03-12 20:33:32 - Starting E:\01_SOFT\node-v10.15.2-win-x64\node.exe  --harmony E:\MyProjects\Github\byme\nodetest\node_modules\node-windows\lib\wrapper.js --file E:\MyProjects\Github\byme\nodetest\server.js --log "WebSite wrapper" --grow 0.25 --wait 1 --maxrestarts 3 --abortonerror n --stopparentfirst undefined
2019-03-12 20:33:32 - Started 3800
2019-03-14 18:41:48 - Starting E:\01_SOFT\node-v10.15.2-win-x64\node.exe  --harmony E:\MyProjects\Github\byme\nodetest\node_modules\node-windows\lib\wrapper.js --file E:\MyProjects\Github\byme\nodetest\server.js --log "WebSite wrapper" --grow 0.25 --wait 1 --maxrestarts 3 --abortonerror n --stopparentfirst undefined
2019-03-14 18:41:48 - Started 2820
2019-03-17 22:09:35 - Starting E:\01_SOFT\node-v10.15.2-win-x64\node.exe  --harmony E:\MyProjects\Github\byme\nodetest\node_modules\node-windows\lib\wrapper.js --file E:\MyProjects\Github\byme\nodetest\server.js --log "WebSite wrapper" --grow 0.25 --wait 1 --maxrestarts 3 --abortonerror n --stopparentfirst undefined
2019-03-17 22:09:35 - Started 5260
2019-03-19 19:54:33 - Starting E:\01_SOFT\node-v10.15.2-win-x64\node.exe  --harmony E:\MyProjects\Github\byme\nodetest\node_modules\node-windows\lib\wrapper.js --file E:\MyProjects\Github\byme\nodetest\server.js --log "WebSite wrapper" --grow 0.25 --wait 1 --maxrestarts 3 --abortonerror n --stopparentfirst undefined
2019-03-19 19:54:33 - Started 2876
2019-03-21 19:10:46 - Starting E:\01_SOFT\node-v10.15.2-win-x64\node.exe  --harmony E:\MyProjects\Github\byme\nodetest\node_modules\node-windows\lib\wrapper.js --file E:\MyProjects\Github\byme\nodetest\server.js --log "WebSite wrapper" --grow 0.25 --wait 1 --maxrestarts 3 --abortonerror n --stopparentfirst undefined
2019-03-21 19:10:46 - Started 2300
2019-03-21 20:41:49 - Starting E:\01_SOFT\node-v10.15.2-win-x64\node.exe  --harmony E:\MyProjects\Github\byme\nodetest\node_modules\node-windows\lib\wrapper.js --file E:\MyProjects\Github\byme\nodetest\server.js --log "WebSite wrapper" --grow 0.25 --wait 1 --maxrestarts 3 --abortonerror n --stopparentfirst undefined
2019-03-21 20:41:49 - Started 2824
